INFO:root:Start SimCLR training for 200 epochs.
INFO:root:Training with gpu: False.
DEBUG:root:Epoch: 0	Loss: 6.046811580657959	Top1 accuracy: 0.1953125
DEBUG:root:Epoch: 1	Loss: 5.8979668617248535	Top1 accuracy: 0.1953125
DEBUG:root:Epoch: 2	Loss: 5.4881591796875	Top1 accuracy: 0.1953125
DEBUG:root:Epoch: 3	Loss: 5.283449649810791	Top1 accuracy: 0.1953125
DEBUG:root:Epoch: 4	Loss: 5.064004898071289	Top1 accuracy: 0.1953125
DEBUG:root:Epoch: 5	Loss: 4.638309001922607	Top1 accuracy: 0.1953125
DEBUG:root:Epoch: 6	Loss: 3.9535107612609863	Top1 accuracy: 23.046875
DEBUG:root:Epoch: 7	Loss: 3.6101391315460205	Top1 accuracy: 23.046875
DEBUG:root:Epoch: 8	Loss: 2.3238582611083984	Top1 accuracy: 23.046875
DEBUG:root:Epoch: 9	Loss: 2.28902268409729	Top1 accuracy: 23.046875
DEBUG:root:Epoch: 10	Loss: 1.4499425888061523	Top1 accuracy: 23.046875
DEBUG:root:Epoch: 11	Loss: 1.1477210521697998	Top1 accuracy: 23.046875
DEBUG:root:Epoch: 12	Loss: 0.6831880807876587	Top1 accuracy: 23.046875
DEBUG:root:Epoch: 13	Loss: 0.4360470473766327	Top1 accuracy: 93.359375
DEBUG:root:Epoch: 14	Loss: 0.31815966963768005	Top1 accuracy: 93.359375
DEBUG:root:Epoch: 15	Loss: 0.25528210401535034	Top1 accuracy: 93.359375
DEBUG:root:Epoch: 16	Loss: 0.15980346500873566	Top1 accuracy: 93.359375
DEBUG:root:Epoch: 17	Loss: 0.16455188393592834	Top1 accuracy: 93.359375
DEBUG:root:Epoch: 18	Loss: 0.15240715444087982	Top1 accuracy: 93.359375
DEBUG:root:Epoch: 19	Loss: 0.12203028053045273	Top1 accuracy: 93.359375
DEBUG:root:Epoch: 20	Loss: 0.11143261939287186	Top1 accuracy: 100.0
DEBUG:root:Epoch: 21	Loss: 0.08963469415903091	Top1 accuracy: 100.0
DEBUG:root:Epoch: 22	Loss: 0.07824529707431793	Top1 accuracy: 100.0
DEBUG:root:Epoch: 23	Loss: 0.10160763561725616	Top1 accuracy: 100.0
DEBUG:root:Epoch: 24	Loss: 0.0720931738615036	Top1 accuracy: 100.0
DEBUG:root:Epoch: 25	Loss: 0.06878534704446793	Top1 accuracy: 100.0
DEBUG:root:Epoch: 26	Loss: 0.08860674500465393	Top1 accuracy: 99.4140625
DEBUG:root:Epoch: 27	Loss: 0.0936572402715683	Top1 accuracy: 99.4140625
DEBUG:root:Epoch: 28	Loss: 0.07596103847026825	Top1 accuracy: 99.4140625
DEBUG:root:Epoch: 29	Loss: 0.0771833136677742	Top1 accuracy: 99.4140625
DEBUG:root:Epoch: 30	Loss: 0.07028459757566452	Top1 accuracy: 99.4140625
DEBUG:root:Epoch: 31	Loss: 0.07135052233934402	Top1 accuracy: 99.4140625
DEBUG:root:Epoch: 32	Loss: 0.08169640600681305	Top1 accuracy: 99.4140625
DEBUG:root:Epoch: 33	Loss: 0.08443936705589294	Top1 accuracy: 100.0
DEBUG:root:Epoch: 34	Loss: 0.07964707911014557	Top1 accuracy: 100.0
DEBUG:root:Epoch: 35	Loss: 0.056614816188812256	Top1 accuracy: 100.0
DEBUG:root:Epoch: 36	Loss: 0.102094866335392	Top1 accuracy: 100.0
DEBUG:root:Epoch: 37	Loss: 0.13251246511936188	Top1 accuracy: 100.0
DEBUG:root:Epoch: 38	Loss: 0.13996513187885284	Top1 accuracy: 100.0
DEBUG:root:Epoch: 39	Loss: 0.16859570145606995	Top1 accuracy: 100.0
DEBUG:root:Epoch: 40	Loss: 0.15683206915855408	Top1 accuracy: 99.609375
DEBUG:root:Epoch: 41	Loss: 0.13357432186603546	Top1 accuracy: 99.609375
DEBUG:root:Epoch: 42	Loss: 0.10514339059591293	Top1 accuracy: 99.609375
DEBUG:root:Epoch: 43	Loss: 0.09235000610351562	Top1 accuracy: 99.609375
DEBUG:root:Epoch: 44	Loss: 0.06286171823740005	Top1 accuracy: 99.609375
DEBUG:root:Epoch: 45	Loss: 0.043973930180072784	Top1 accuracy: 99.609375
DEBUG:root:Epoch: 46	Loss: 0.035142410546541214	Top1 accuracy: 100.0
DEBUG:root:Epoch: 47	Loss: 0.040159471333026886	Top1 accuracy: 100.0
DEBUG:root:Epoch: 48	Loss: 0.03564576432108879	Top1 accuracy: 100.0
DEBUG:root:Epoch: 49	Loss: 0.028903091326355934	Top1 accuracy: 100.0
DEBUG:root:Epoch: 50	Loss: 0.0221148282289505	Top1 accuracy: 100.0
DEBUG:root:Epoch: 51	Loss: 0.0244528129696846	Top1 accuracy: 100.0
DEBUG:root:Epoch: 52	Loss: 0.037121064960956573	Top1 accuracy: 100.0
DEBUG:root:Epoch: 53	Loss: 0.024486837908625603	Top1 accuracy: 100.0
DEBUG:root:Epoch: 54	Loss: 0.024161867797374725	Top1 accuracy: 100.0
DEBUG:root:Epoch: 55	Loss: 0.02121187373995781	Top1 accuracy: 100.0
DEBUG:root:Epoch: 56	Loss: 0.02766302041709423	Top1 accuracy: 100.0
DEBUG:root:Epoch: 57	Loss: 0.019831303507089615	Top1 accuracy: 100.0
DEBUG:root:Epoch: 58	Loss: 0.02097611129283905	Top1 accuracy: 100.0
DEBUG:root:Epoch: 59	Loss: 0.023456117138266563	Top1 accuracy: 100.0
DEBUG:root:Epoch: 60	Loss: 0.02894321084022522	Top1 accuracy: 100.0
DEBUG:root:Epoch: 61	Loss: 0.02781584858894348	Top1 accuracy: 100.0
DEBUG:root:Epoch: 62	Loss: 0.05220519006252289	Top1 accuracy: 100.0
DEBUG:root:Epoch: 63	Loss: 0.023426830768585205	Top1 accuracy: 100.0
DEBUG:root:Epoch: 64	Loss: 0.025321366265416145	Top1 accuracy: 100.0
DEBUG:root:Epoch: 65	Loss: 0.02815072610974312	Top1 accuracy: 100.0
DEBUG:root:Epoch: 66	Loss: 0.028808454051613808	Top1 accuracy: 99.4140625
DEBUG:root:Epoch: 67	Loss: 0.02803167887032032	Top1 accuracy: 99.4140625
DEBUG:root:Epoch: 68	Loss: 0.038640622049570084	Top1 accuracy: 99.4140625
DEBUG:root:Epoch: 69	Loss: 0.03548198193311691	Top1 accuracy: 99.4140625
DEBUG:root:Epoch: 70	Loss: 0.07880102097988129	Top1 accuracy: 99.4140625
DEBUG:root:Epoch: 71	Loss: 0.04810471460223198	Top1 accuracy: 99.4140625
DEBUG:root:Epoch: 72	Loss: 0.07432138174772263	Top1 accuracy: 99.4140625
DEBUG:root:Epoch: 73	Loss: 0.03710717707872391	Top1 accuracy: 99.21875
DEBUG:root:Epoch: 74	Loss: 0.029857102781534195	Top1 accuracy: 99.21875
DEBUG:root:Epoch: 75	Loss: 0.028414689004421234	Top1 accuracy: 99.21875
DEBUG:root:Epoch: 76	Loss: 0.020691851153969765	Top1 accuracy: 99.21875
DEBUG:root:Epoch: 77	Loss: 0.015891268849372864	Top1 accuracy: 99.21875
DEBUG:root:Epoch: 78	Loss: 0.016635052859783173	Top1 accuracy: 99.21875
DEBUG:root:Epoch: 79	Loss: 0.025925222784280777	Top1 accuracy: 99.21875
DEBUG:root:Epoch: 80	Loss: 0.019627591595053673	Top1 accuracy: 100.0
DEBUG:root:Epoch: 81	Loss: 0.013521541841328144	Top1 accuracy: 100.0
DEBUG:root:Epoch: 82	Loss: 0.016009388491511345	Top1 accuracy: 100.0
DEBUG:root:Epoch: 83	Loss: 0.012673170305788517	Top1 accuracy: 100.0
DEBUG:root:Epoch: 84	Loss: 0.021025529131293297	Top1 accuracy: 100.0
DEBUG:root:Epoch: 85	Loss: 0.013128727674484253	Top1 accuracy: 100.0
DEBUG:root:Epoch: 86	Loss: 0.01672479882836342	Top1 accuracy: 100.0
DEBUG:root:Epoch: 87	Loss: 0.031217722222208977	Top1 accuracy: 100.0
DEBUG:root:Epoch: 88	Loss: 0.013927987776696682	Top1 accuracy: 100.0
DEBUG:root:Epoch: 89	Loss: 0.012933247722685337	Top1 accuracy: 100.0
DEBUG:root:Epoch: 90	Loss: 0.012846176512539387	Top1 accuracy: 100.0
DEBUG:root:Epoch: 91	Loss: 0.01626262068748474	Top1 accuracy: 100.0
DEBUG:root:Epoch: 92	Loss: 0.013773990795016289	Top1 accuracy: 100.0
DEBUG:root:Epoch: 93	Loss: 0.010729443281888962	Top1 accuracy: 100.0
DEBUG:root:Epoch: 94	Loss: 0.012079302221536636	Top1 accuracy: 100.0
DEBUG:root:Epoch: 95	Loss: 0.014407248236238956	Top1 accuracy: 100.0
DEBUG:root:Epoch: 96	Loss: 0.02926892414689064	Top1 accuracy: 100.0
DEBUG:root:Epoch: 97	Loss: 0.018814070150256157	Top1 accuracy: 100.0
DEBUG:root:Epoch: 98	Loss: 0.030301395803689957	Top1 accuracy: 100.0
DEBUG:root:Epoch: 99	Loss: 0.022400015965104103	Top1 accuracy: 100.0
DEBUG:root:Epoch: 100	Loss: 0.01863732933998108	Top1 accuracy: 100.0
DEBUG:root:Epoch: 101	Loss: 0.013959614560008049	Top1 accuracy: 100.0
DEBUG:root:Epoch: 102	Loss: 0.026486631482839584	Top1 accuracy: 100.0
DEBUG:root:Epoch: 103	Loss: 0.013778317719697952	Top1 accuracy: 100.0
DEBUG:root:Epoch: 104	Loss: 0.012846983037889004	Top1 accuracy: 100.0
DEBUG:root:Epoch: 105	Loss: 0.02284752018749714	Top1 accuracy: 100.0
DEBUG:root:Epoch: 106	Loss: 0.013358932919800282	Top1 accuracy: 99.4140625
DEBUG:root:Epoch: 107	Loss: 0.021882466971874237	Top1 accuracy: 99.4140625
DEBUG:root:Epoch: 108	Loss: 0.014310906641185284	Top1 accuracy: 99.4140625
DEBUG:root:Epoch: 109	Loss: 0.016419922932982445	Top1 accuracy: 99.4140625
DEBUG:root:Epoch: 110	Loss: 0.00891795102506876	Top1 accuracy: 99.4140625
DEBUG:root:Epoch: 111	Loss: 0.026851171627640724	Top1 accuracy: 99.4140625
DEBUG:root:Epoch: 112	Loss: 0.010547392070293427	Top1 accuracy: 99.4140625
DEBUG:root:Epoch: 113	Loss: 0.016905812546610832	Top1 accuracy: 100.0
DEBUG:root:Epoch: 114	Loss: 0.009277400560677052	Top1 accuracy: 100.0
DEBUG:root:Epoch: 115	Loss: 0.008926727809011936	Top1 accuracy: 100.0
DEBUG:root:Epoch: 116	Loss: 0.008594467304646969	Top1 accuracy: 100.0
DEBUG:root:Epoch: 117	Loss: 0.008724628016352654	Top1 accuracy: 100.0
DEBUG:root:Epoch: 118	Loss: 0.010046226903796196	Top1 accuracy: 100.0
DEBUG:root:Epoch: 119	Loss: 0.018933534622192383	Top1 accuracy: 100.0
DEBUG:root:Epoch: 120	Loss: 0.011574557051062584	Top1 accuracy: 100.0
DEBUG:root:Epoch: 121	Loss: 0.007697594352066517	Top1 accuracy: 100.0
DEBUG:root:Epoch: 122	Loss: 0.01281295157968998	Top1 accuracy: 100.0
DEBUG:root:Epoch: 123	Loss: 0.025520194321870804	Top1 accuracy: 100.0
DEBUG:root:Epoch: 124	Loss: 0.012379470281302929	Top1 accuracy: 100.0
DEBUG:root:Epoch: 125	Loss: 0.010476726107299328	Top1 accuracy: 100.0
DEBUG:root:Epoch: 126	Loss: 0.03476657718420029	Top1 accuracy: 99.21875
DEBUG:root:Epoch: 127	Loss: 0.019985554739832878	Top1 accuracy: 99.21875
DEBUG:root:Epoch: 128	Loss: 0.020696086809039116	Top1 accuracy: 99.21875
DEBUG:root:Epoch: 129	Loss: 0.025814009830355644	Top1 accuracy: 99.21875
DEBUG:root:Epoch: 130	Loss: 0.10516227036714554	Top1 accuracy: 99.21875
DEBUG:root:Epoch: 131	Loss: 1.5797864198684692	Top1 accuracy: 99.21875
DEBUG:root:Epoch: 132	Loss: 4.564971446990967	Top1 accuracy: 99.21875
DEBUG:root:Epoch: 133	Loss: 3.8022918701171875	Top1 accuracy: 22.265625
DEBUG:root:Epoch: 134	Loss: 2.854341745376587	Top1 accuracy: 22.265625
DEBUG:root:Epoch: 135	Loss: 1.5812002420425415	Top1 accuracy: 22.265625
DEBUG:root:Epoch: 136	Loss: 0.8729250431060791	Top1 accuracy: 22.265625
DEBUG:root:Epoch: 137	Loss: 0.4756547510623932	Top1 accuracy: 22.265625
DEBUG:root:Epoch: 138	Loss: 0.2849690020084381	Top1 accuracy: 22.265625
DEBUG:root:Epoch: 139	Loss: 0.19087663292884827	Top1 accuracy: 22.265625
DEBUG:root:Epoch: 140	Loss: 0.10357780009508133	Top1 accuracy: 98.6328125
DEBUG:root:Epoch: 141	Loss: 0.127146914601326	Top1 accuracy: 98.6328125
DEBUG:root:Epoch: 142	Loss: 0.08907151967287064	Top1 accuracy: 98.6328125
DEBUG:root:Epoch: 143	Loss: 0.10163354128599167	Top1 accuracy: 98.6328125
DEBUG:root:Epoch: 144	Loss: 0.10603602230548859	Top1 accuracy: 98.6328125
DEBUG:root:Epoch: 145	Loss: 0.10307005792856216	Top1 accuracy: 98.6328125
DEBUG:root:Epoch: 146	Loss: 0.09562411904335022	Top1 accuracy: 100.0
DEBUG:root:Epoch: 147	Loss: 0.10841993987560272	Top1 accuracy: 100.0
DEBUG:root:Epoch: 148	Loss: 0.10382085293531418	Top1 accuracy: 100.0
DEBUG:root:Epoch: 149	Loss: 0.1009332612156868	Top1 accuracy: 100.0
DEBUG:root:Epoch: 150	Loss: 0.08203349262475967	Top1 accuracy: 100.0
DEBUG:root:Epoch: 151	Loss: 0.08357279747724533	Top1 accuracy: 100.0
DEBUG:root:Epoch: 152	Loss: 0.07942602783441544	Top1 accuracy: 100.0
DEBUG:root:Epoch: 153	Loss: 0.06233299896121025	Top1 accuracy: 100.0
DEBUG:root:Epoch: 154	Loss: 0.059063129127025604	Top1 accuracy: 100.0
DEBUG:root:Epoch: 155	Loss: 0.05027782544493675	Top1 accuracy: 100.0
DEBUG:root:Epoch: 156	Loss: 0.04167827591300011	Top1 accuracy: 100.0
DEBUG:root:Epoch: 157	Loss: 0.0436134897172451	Top1 accuracy: 100.0
DEBUG:root:Epoch: 158	Loss: 0.07316884398460388	Top1 accuracy: 100.0
DEBUG:root:Epoch: 159	Loss: 0.04716020077466965	Top1 accuracy: 100.0
DEBUG:root:Epoch: 160	Loss: 0.06953983753919601	Top1 accuracy: 99.609375
DEBUG:root:Epoch: 161	Loss: 0.039362162351608276	Top1 accuracy: 99.609375
DEBUG:root:Epoch: 162	Loss: 0.05081784352660179	Top1 accuracy: 99.609375
DEBUG:root:Epoch: 163	Loss: 0.061902713030576706	Top1 accuracy: 99.609375
DEBUG:root:Epoch: 164	Loss: 0.05052677169442177	Top1 accuracy: 99.609375
DEBUG:root:Epoch: 165	Loss: 0.04143831878900528	Top1 accuracy: 99.609375
DEBUG:root:Epoch: 166	Loss: 0.02305726706981659	Top1 accuracy: 100.0
DEBUG:root:Epoch: 167	Loss: 0.02168526127934456	Top1 accuracy: 100.0
DEBUG:root:Epoch: 168	Loss: 0.020824160426855087	Top1 accuracy: 100.0
DEBUG:root:Epoch: 169	Loss: 0.028242716565728188	Top1 accuracy: 100.0
DEBUG:root:Epoch: 170	Loss: 0.01717493310570717	Top1 accuracy: 100.0
DEBUG:root:Epoch: 171	Loss: 0.017942771315574646	Top1 accuracy: 100.0
DEBUG:root:Epoch: 172	Loss: 0.017359092831611633	Top1 accuracy: 100.0
DEBUG:root:Epoch: 173	Loss: 0.017724284902215004	Top1 accuracy: 100.0
DEBUG:root:Epoch: 174	Loss: 0.020030848681926727	Top1 accuracy: 100.0
DEBUG:root:Epoch: 175	Loss: 0.018962182104587555	Top1 accuracy: 100.0
DEBUG:root:Epoch: 176	Loss: 0.019371414557099342	Top1 accuracy: 100.0
DEBUG:root:Epoch: 177	Loss: 0.019847318530082703	Top1 accuracy: 100.0
DEBUG:root:Epoch: 178	Loss: 0.017131399363279343	Top1 accuracy: 100.0
DEBUG:root:Epoch: 179	Loss: 0.02560347132384777	Top1 accuracy: 100.0
DEBUG:root:Epoch: 180	Loss: 0.01872248947620392	Top1 accuracy: 100.0
DEBUG:root:Epoch: 181	Loss: 0.024722764268517494	Top1 accuracy: 100.0
DEBUG:root:Epoch: 182	Loss: 0.0166427381336689	Top1 accuracy: 100.0
DEBUG:root:Epoch: 183	Loss: 0.018566573038697243	Top1 accuracy: 100.0
DEBUG:root:Epoch: 184	Loss: 0.014877722598612309	Top1 accuracy: 100.0
DEBUG:root:Epoch: 185	Loss: 0.015369213186204433	Top1 accuracy: 100.0
DEBUG:root:Epoch: 186	Loss: 0.03786259889602661	Top1 accuracy: 100.0
DEBUG:root:Epoch: 187	Loss: 0.015565052628517151	Top1 accuracy: 100.0
DEBUG:root:Epoch: 188	Loss: 0.02140951156616211	Top1 accuracy: 100.0
DEBUG:root:Epoch: 189	Loss: 0.024994591251015663	Top1 accuracy: 100.0
DEBUG:root:Epoch: 190	Loss: 0.020210489630699158	Top1 accuracy: 100.0
DEBUG:root:Epoch: 191	Loss: 0.029998542740941048	Top1 accuracy: 100.0
DEBUG:root:Epoch: 192	Loss: 0.015195165760815144	Top1 accuracy: 100.0
DEBUG:root:Epoch: 193	Loss: 0.029180746525526047	Top1 accuracy: 100.0
DEBUG:root:Epoch: 194	Loss: 0.015487151220440865	Top1 accuracy: 100.0
DEBUG:root:Epoch: 195	Loss: 0.0157040823251009	Top1 accuracy: 100.0
DEBUG:root:Epoch: 196	Loss: 0.011883693747222424	Top1 accuracy: 100.0
DEBUG:root:Epoch: 197	Loss: 0.015043281018733978	Top1 accuracy: 100.0
DEBUG:root:Epoch: 198	Loss: 0.026688767597079277	Top1 accuracy: 100.0
DEBUG:root:Epoch: 199	Loss: 0.020521612837910652	Top1 accuracy: 100.0
INFO:root:Training has finished.
INFO:root:Model checkpoint and metadata has been saved at runs/Nov01_12-09-27_brl2.
